\BOOKMARK [0][-]{section*.1}{\376\377\144\130\211\201}{}% 1
\BOOKMARK [0][-]{section*.3}{\376\377\000A\000B\000S\000T\000R\000A\000C\000T}{}% 2
\BOOKMARK [0][-]{section*.5}{\376\377\143\322\126\376\175\042\137\025}{}% 3
\BOOKMARK [0][-]{section*.7}{\376\377\210\150\150\074\175\042\137\025}{}% 4
\BOOKMARK [0][-]{section*.9}{\376\377\173\046\123\367\133\371\161\147\210\150}{}% 5
\BOOKMARK [0][-]{section*.11}{\376\377\177\051\165\145\213\355\133\371\161\147\210\150}{}% 6
\BOOKMARK [0][-]{chapter.1}{\376\377\173\054\116\000\172\340\000\040\000\040\170\024\172\166\165\037\133\146\117\115\213\272\145\207\144\260\121\231\166\204\140\073\117\123\211\201\154\102}{}% 7
\BOOKMARK [0][-]{chapter.2}{\376\377\173\054\116\214\172\340\000\040\000\040\170\024\172\166\165\037\133\146\117\115\213\272\145\207\144\260\121\231\166\204\121\205\133\271\211\201\154\102}{}% 8
\BOOKMARK [1][-]{section.2.1}{\376\377\0002\000.\0001\000\040\134\001\227\142}{chapter.2}% 9
\BOOKMARK [1][-]{section.2.2}{\376\377\0002\000.\0002\000\040\230\230\124\015\230\165}{chapter.2}% 10
\BOOKMARK [1][-]{section.2.3}{\376\377\0002\000.\0003\000\040\130\360\146\016}{chapter.2}% 11
\BOOKMARK [1][-]{section.2.4}{\376\377\0002\000.\0004\000\040\144\130\211\201}{chapter.2}% 12
\BOOKMARK [1][-]{section.2.5}{\376\377\0002\000.\0005\000\040\143\322\126\376\175\042\137\025}{chapter.2}% 13
\BOOKMARK [1][-]{section.2.6}{\376\377\0002\000.\0006\000\040\210\150\150\074\175\042\137\025}{chapter.2}% 14
\BOOKMARK [1][-]{section.2.7}{\376\377\0002\000.\0007\000\040\173\046\123\367\133\371\161\147\210\150}{chapter.2}% 15
\BOOKMARK [1][-]{section.2.8}{\376\377\0002\000.\0008\000\040\177\051\165\145\213\355\133\371\161\147\210\150}{chapter.2}% 16
\BOOKMARK [1][-]{section.2.9}{\376\377\0002\000.\0009\000\040\166\356\137\125}{chapter.2}% 17
\BOOKMARK [1][-]{section.2.10}{\376\377\0002\000.\0001\0000\000\040\153\143\145\207}{chapter.2}% 18
\BOOKMARK [2][-]{subsection.2.10.1}{\376\377\0002\000.\0001\0000\000.\0001\000\040\176\352\213\272}{section.2.10}% 19
\BOOKMARK [2][-]{subsection.2.10.2}{\376\377\0002\000.\0001\0000\000.\0002\000\040\124\004\172\340\202\202}{section.2.10}% 20
\BOOKMARK [2][-]{subsection.2.10.3}{\376\377\0002\000.\0001\0000\000.\0003\000\040\176\323\213\272}{section.2.10}% 21
\BOOKMARK [1][-]{section.2.11}{\376\377\0002\000.\0001\0001\000\040\123\302\200\003\145\207\163\056}{chapter.2}% 22
\BOOKMARK [1][-]{section.2.12}{\376\377\0002\000.\0001\0002\000\040\201\364\214\042}{chapter.2}% 23
\BOOKMARK [1][-]{section.2.13}{\376\377\0002\000.\0001\0003\000\040\117\134\200\005\173\200\116\313}{chapter.2}% 24
\BOOKMARK [1][-]{section.2.14}{\376\377\0002\000.\0001\0004\000\040\121\166\116\326}{chapter.2}% 25
\BOOKMARK [0][-]{chapter.3}{\376\377\173\054\116\011\172\340\000\040\000\040\170\024\172\166\165\037\133\146\117\115\213\272\145\207\166\204\177\026\217\221\060\001\142\123\123\160\060\001\210\305\213\242\211\201\154\102}{}% 26
\BOOKMARK [1][-]{section.3.1}{\376\377\0003\000.\0001\000\040\133\146\117\115\213\272\145\207\134\001\227\142\166\204\177\026\217\221\124\214\142\123\123\160\211\201\154\102}{chapter.3}% 27
\BOOKMARK [1][-]{section.3.2}{\376\377\0003\000.\0002\000\040\133\146\117\115\213\272\145\207\166\204\162\110\227\142\213\276\177\156\211\201\154\102}{chapter.3}% 28
\BOOKMARK [1][-]{section.3.3}{\376\377\0003\000.\0003\000\040\133\146\117\115\213\272\145\207\166\204\142\123\123\160\060\001\210\305\213\242\211\201\154\102}{chapter.3}% 29
\BOOKMARK [1][-]{section.3.4}{\376\377\0003\000.\0004\000\040\121\166\116\326\213\364\146\016}{chapter.3}% 30
\BOOKMARK [0][-]{chapter.4}{\376\377\173\054\126\333\172\340\000\040\000\040\126\376\060\001\210\150\060\001\121\154\137\017\171\072\117\213}{}% 31
\BOOKMARK [0][-]{section*.14}{\376\377\123\302\200\003\145\207\163\056}{}% 32
\BOOKMARK [0][-]{section*.16}{\376\377\201\364\214\042}{}% 33
\BOOKMARK [0][-]{section*.18}{\376\377\117\134\200\005\173\200\116\313}{}% 34
